Build started 2/17/2017 11:56:09 PM.
     1>Project "C:\Develop\CubeMap\CubeMap\CubeMap.vcxproj" on node 2 (Build target(s)).
     1>C:\Program Files (x86)\MSBuild\Microsoft.Cpp\v4.0\V140\Microsoft.CppBuild.targets(392,5): warning MSB8028: The intermediate directory (Debug\) contains files shared from another project (LearnOpenGL.vcxproj).  This can lead to incorrect clean and rebuild behavior.
     1>ClCompile:
         C:\Program Files (x86)\Microsoft Visual Studio 14.0\VC\bin\CL.exe /c /ZI /nologo /W3 /WX- /sdl /Od /Oy- /D _MBCS /Gm /EHsc /RTC1 /MDd /GS /fp:precise /Zc:wchar_t /Zc:forScope /Zc:inline /Fo"Debug\\" /Fd"Debug\vc140.pdb" /Gd /TP /analyze- /errorReport:prompt Main.cpp
         Main.cpp
     1>c:\develop\cubemap\cubemap\main.cpp(207): warning C4244: 'initializing': conversion from 'double' to 'GLfloat', possible loss of data
     1>c:\develop\cubemap\cubemap\main.cpp(287): warning C4244: '=': conversion from 'double' to 'GLfloat', possible loss of data
     1>c:\develop\cubemap\cubemap\main.cpp(288): warning C4244: '=': conversion from 'double' to 'GLfloat', possible loss of data
     1>c:\develop\cubemap\cubemap\main.cpp(292): warning C4244: 'initializing': conversion from 'double' to 'GLfloat', possible loss of data
     1>c:\develop\cubemap\cubemap\main.cpp(293): warning C4244: 'initializing': conversion from 'double' to 'GLfloat', possible loss of data
     1>c:\develop\cubemap\cubemap\main.cpp(295): warning C4244: '=': conversion from 'double' to 'GLfloat', possible loss of data
     1>c:\develop\cubemap\cubemap\main.cpp(296): warning C4244: '=': conversion from 'double' to 'GLfloat', possible loss of data
     1>c:\develop\cubemap\cubemap\main.cpp(303): warning C4244: 'argument': conversion from 'double' to 'GLfloat', possible loss of data
       Link:
         C:\Program Files (x86)\Microsoft Visual Studio 14.0\VC\bin\link.exe /ERRORREPORT:PROMPT /OUT:"C:\Develop\CubeMap\Debug\CubeMap.exe" /INCREMENTAL /NOLOGO opengl32.lib glew32.lib glfw3.lib SOIL.lib "assimp-vc140-mt.lib" kernel32.lib user32.lib gdi32.lib winspool.lib comdlg32.lib advapi32.lib shell32.lib ole32.lib oleaut32.lib uuid.lib odbc32.lib odbccp32.lib /MANIFEST /MANIFESTUAC:"level='asInvoker' uiAccess='false'" /manifest:embed /Debug /PDB:"C:\Develop\CubeMap\Debug\CubeMap.pdb" /SUBSYSTEM:CONSOLE /TLBID:1 /DYNAMICBASE /NXCOMPAT /IMPLIB:"C:\Develop\CubeMap\Debug\CubeMap.lib" /MACHINE:X86 Debug\Main.obj
         CubeMap.vcxproj -> C:\Develop\CubeMap\Debug\CubeMap.exe
     1>Done Building Project "C:\Develop\CubeMap\CubeMap\CubeMap.vcxproj" (Build target(s)).

Build succeeded.

Time Elapsed 00:00:01.05
